<?xml version="1.0" encoding="UTF-8"?>
<coverage generated="1545321477430" clover="3.2.0">
  <project timestamp="1545321477430" name="All files">
    <metrics statements="18" coveredstatements="12" conditionals="2" coveredconditionals="1" methods="4" coveredmethods="3" elements="24" coveredelements="16" complexity="0" loc="18" ncloc="18" packages="1" files="1" classes="1">
      <file name="reader-callbacks-array.js" path="/Users/heathercherewaty/codefellows/401/03-async/lib/reader-callbacks-array.js">
        <metrics statements="18" coveredstatements="12" conditionals="2" coveredconditionals="1" methods="4" coveredmethods="3"/>
        <line num="3" count="1" type="stmt"/>
        <line num="4" count="1" type="stmt"/>
        <line num="9" count="1" type="stmt"/>
        <line num="10" count="2" type="stmt"/>
        <line num="11" count="0" type="stmt"/>
        <line num="31" count="1" type="stmt"/>
        <line num="33" count="3" type="stmt"/>
        <line num="35" count="3" type="stmt"/>
        <line num="36" count="2" type="cond" truecount="1" falsecount="1"/>
        <line num="37" count="0" type="stmt"/>
        <line num="40" count="3" type="stmt"/>
        <line num="41" count="0" type="stmt"/>
        <line num="42" count="0" type="stmt"/>
        <line num="43" count="0" type="stmt"/>
        <line num="44" count="0" type="stmt"/>
        <line num="47" count="3" type="stmt"/>
        <line num="48" count="2" type="stmt"/>
        <line num="53" count="1" type="stmt"/>
      </file>
    </metrics>
  </project>
</coverage>
