{"/Users/heathercherewaty/codefellows/401/03-async/lib/reader-callbacks-array.js": {"path":"/Users/heathercherewaty/codefellows/401/03-async/lib/reader-callbacks-array.js","statementMap":{"0":{"start":{"line":3,"column":11},"end":{"line":3,"column":24}},"1":{"start":{"line":4,"column":15},"end":{"line":4,"column":17}},"2":{"start":{"line":9,"column":0},"end":{"line":12,"column":2}},"3":{"start":{"line":10,"column":2},"end":{"line":10,"column":31}},"4":{"start":{"line":11,"column":2},"end":{"line":11,"column":16}},"5":{"start":{"line":31,"column":16},"end":{"line":50,"column":1}},"6":{"start":{"line":33,"column":17},"end":{"line":33,"column":19}},"7":{"start":{"line":35,"column":21},"end":{"line":38,"column":5}},"8":{"start":{"line":36,"column":6},"end":{"line":36,"column":27}},"9":{"start":{"line":36,"column":16},"end":{"line":36,"column":26}},"10":{"start":{"line":37,"column":6},"end":{"line":37,"column":46}},"11":{"start":{"line":40,"column":21},"end":{"line":45,"column":5}},"12":{"start":{"line":41,"column":6},"end":{"line":41,"column":49}},"13":{"start":{"line":42,"column":17},"end":{"line":42,"column":54}},"14":{"start":{"line":43,"column":6},"end":{"line":43,"column":26}},"15":{"start":{"line":44,"column":6},"end":{"line":44,"column":54}},"16":{"start":{"line":47,"column":2},"end":{"line":49,"column":3}},"17":{"start":{"line":48,"column":4},"end":{"line":48,"column":42}},"18":{"start":{"line":53,"column":0},"end":{"line":53,"column":10}}},"fnMap":{"0":{"name":"(anonymous_0)","decl":{"start":{"line":9,"column":27},"end":{"line":9,"column":28}},"loc":{"start":{"line":9,"column":48},"end":{"line":12,"column":1}},"line":9},"1":{"name":"(anonymous_1)","decl":{"start":{"line":31,"column":16},"end":{"line":31,"column":17}},"loc":{"start":{"line":31,"column":37},"end":{"line":50,"column":1}},"line":31},"2":{"name":"(anonymous_2)","decl":{"start":{"line":35,"column":28},"end":{"line":35,"column":29}},"loc":{"start":{"line":35,"column":43},"end":{"line":38,"column":5}},"line":35},"3":{"name":"(anonymous_3)","decl":{"start":{"line":40,"column":21},"end":{"line":40,"column":22}},"loc":{"start":{"line":40,"column":29},"end":{"line":45,"column":5}},"line":40}},"branchMap":{"0":{"loc":{"start":{"line":36,"column":6},"end":{"line":36,"column":27}},"type":"if","locations":[{"start":{"line":36,"column":6},"end":{"line":36,"column":27}},{"start":{"line":36,"column":6},"end":{"line":36,"column":27}}],"line":36}},"s":{"0":1,"1":1,"2":1,"3":2,"4":0,"5":1,"6":3,"7":3,"8":2,"9":2,"10":0,"11":3,"12":0,"13":0,"14":0,"15":0,"16":3,"17":2,"18":1},"f":{"0":2,"1":3,"2":2,"3":0},"b":{"0":[2,0]},"_coverageSchema":"332fd63041d2c1bcb487cc26dd0d5f7d97098a6c","hash":"5eab00c4a40463e2b4bc242beb649cd51bfcf038"}
}
